<?xml version="1.0" encoding="UTF-8"?>
<!-- Generated by org.testng.reporters.JUnitReportReporter -->
<testsuite skipped="0" name="Scripts.Buyjewellery" tests="1" failures="0" timestamp="20 Jun 2018 06:41:34 GMT" time="20.912" errors="0">
  <testcase name="jewellerybuy" time="20.912" classname="Scripts.Buyjewellery"/>
</testsuite> <!-- Scripts.Buyjewellery -->
