<?xml version="1.0" encoding="UTF-8"?>
<!-- Generated by org.testng.reporters.JUnitReportReporter -->
<testsuite skipped="0" name="Scripts.Jewellerybuy" tests="1" failures="0" timestamp="19 Jun 2018 05:20:43 GMT" time="40.838" errors="0">
  <testcase name="testJewellerybuy" time="40.838" classname="Scripts.Jewellerybuy"/>
</testsuite> <!-- Scripts.Jewellerybuy -->
