<?xml version="1.0" encoding="UTF-8"?>
<!-- Generated by org.testng.reporters.JUnitReportReporter -->
<testsuite skipped="0" name="practice1.Sortable1" tests="1" failures="0" timestamp="19 Jun 2018 07:11:20 GMT" time="8.409" errors="0">
  <testcase name="testToResizeElement" time="8.409" classname="practice1.Sortable1"/>
</testsuite> <!-- practice1.Sortable1 -->
