<?xml version="1.0" encoding="UTF-8"?>
<!-- Generated by org.testng.reporters.JUnitReportReporter -->
<testsuite skipped="0" name="practice1.bsmouseh1" tests="1" failures="0" timestamp="14 Jun 2018 11:00:58 GMT" time="16.362" errors="0">
  <testcase name="demo" time="16.362" classname="practice1.bsmouseh1"/>
</testsuite> <!-- practice1.bsmouseh1 -->
