<?xml version="1.0" encoding="UTF-8"?>
<!-- Generated by org.testng.reporters.JUnitReportReporter -->
<testsuite skipped="0" name="practice1.Resizable1" tests="1" failures="0" timestamp="19 Jun 2018 07:11:20 GMT" time="18.579" errors="0">
  <testcase name="testToResizeElement" time="18.579" classname="practice1.Resizable1"/>
</testsuite> <!-- practice1.Resizable1 -->
