<?xml version="1.0" encoding="UTF-8"?>
<!-- Generated by org.testng.reporters.JUnitReportReporter -->
<testsuite skipped="0" name="Scripts.Sort_diamondjewellery" tests="1" failures="0" timestamp="20 Jun 2018 06:41:34 GMT" time="12.124" errors="0">
  <testcase name="sortjewellery" time="12.124" classname="Scripts.Sort_diamondjewellery"/>
</testsuite> <!-- Scripts.Sort_diamondjewellery -->
